Starting audit...
[ERROR] /home/rohith/Documents/ADS---2/ADS---2 Assignments/m18/ADS-2Exam-3/Solution.java:6: Class Solution should be declared as final. [FinalClass]
[ERROR] /home/rohith/Documents/ADS---2/ADS---2 Assignments/m18/ADS-2Exam-3/Solution.java:26: Line is longer than 80 characters (found 83). [LineLength]
[ERROR] /home/rohith/Documents/ADS---2/ADS---2 Assignments/m18/ADS-2Exam-3/Solution.java:97: Line has trailing spaces. [RegexpSingleline]
[ERROR] /home/rohith/Documents/ADS---2/ADS---2 Assignments/m18/ADS-2Exam-3/Solution.java:98: Expected @return tag. [JavadocMethod]
[ERROR] /home/rohith/Documents/ADS---2/ADS---2 Assignments/m18/ADS-2Exam-3/Solution.java:98:52: Expected @param tag for 'file'. [JavadocMethod]
[ERROR] /home/rohith/Documents/ADS---2/ADS---2 Assignments/m18/ADS-2Exam-3/Solution.java:110:66: Parameter file should be final. [FinalParameters]
[ERROR] /home/rohith/Documents/ADS---2/ADS---2 Assignments/m18/ADS-2Exam-3/Solution.java:111: Line is longer than 80 characters (found 84). [LineLength]
[ERROR] /home/rohith/Documents/ADS---2/ADS---2 Assignments/m18/ADS-2Exam-3/Solution.java:141:5: Redundant 'public' modifier. [RedundantModifier]
[ERROR] /home/rohith/Documents/ADS---2/ADS---2 Assignments/m18/ADS-2Exam-3/Solution.java:141:15: Parameter st should be final. [FinalParameters]
[ERROR] /home/rohith/Documents/ADS---2/ADS---2 Assignments/m18/ADS-2Exam-3/Solution.java:145:35: 'typecast' is not followed by whitespace. [WhitespaceAfter]
[ERROR] /home/rohith/Documents/ADS---2/ADS---2 Assignments/m18/ADS-2Exam-3/Solution.java:145:54: 'typecast' is not followed by whitespace. [WhitespaceAfter]
[ERROR] /home/rohith/Documents/ADS---2/ADS---2 Assignments/m18/ADS-2Exam-3/Solution.java:156:41: Parameter prefix should be final. [FinalParameters]
[ERROR] /home/rohith/Documents/ADS---2/ADS---2 Assignments/m18/ADS-2Exam-3/Solution.java:167:26: Parameter inNum should be final. [FinalParameters]
[ERROR] /home/rohith/Documents/ADS---2/ADS---2 Assignments/m18/ADS-2Exam-3/Solution.java:172:27: '3' is a magic number. [MagicNumber]
[ERROR] /home/rohith/Documents/ADS---2/ADS---2 Assignments/m18/ADS-2Exam-3/Solution.java:175:27: '4' is a magic number. [MagicNumber]
[ERROR] /home/rohith/Documents/ADS---2/ADS---2 Assignments/m18/ADS-2Exam-3/Solution.java:178:27: '5' is a magic number. [MagicNumber]
[ERROR] /home/rohith/Documents/ADS---2/ADS---2 Assignments/m18/ADS-2Exam-3/Solution.java:181:27: '6' is a magic number. [MagicNumber]
[ERROR] /home/rohith/Documents/ADS---2/ADS---2 Assignments/m18/ADS-2Exam-3/Solution.java:184:27: '7' is a magic number. [MagicNumber]
[ERROR] /home/rohith/Documents/ADS---2/ADS---2 Assignments/m18/ADS-2Exam-3/Solution.java:187:27: '8' is a magic number. [MagicNumber]
[ERROR] /home/rohith/Documents/ADS---2/ADS---2 Assignments/m18/ADS-2Exam-3/Solution.java:201:44: Parameter t9Signature should be final. [FinalParameters]
[ERROR] /home/rohith/Documents/ADS---2/ADS---2 Assignments/m18/ADS-2Exam-3/Solution.java:220:44: Parameter words should be final. [FinalParameters]
[ERROR] /home/rohith/Documents/ADS---2/ADS---2 Assignments/m18/ADS-2Exam-3/Solution.java:220:68: Parameter k should be final. [FinalParameters]
[ERROR] /home/rohith/Documents/ADS---2/ADS---2 Assignments/m18/ADS-2Exam-3/Solution.java:239:5: Missing a Javadoc comment. [JavadocMethod]
[ERROR] /home/rohith/Documents/ADS---2/ADS---2 Assignments/m18/ADS-2Exam-3/Solution.java:239:32: Parameter t9Signature should be final. [FinalParameters]
[ERROR] /home/rohith/Documents/ADS---2/ADS---2 Assignments/m18/ADS-2Exam-3/Solution.java:239:52: Parameter k should be final. [FinalParameters]
Audit done.
Checkstyle ends with 25 errors.
Files to process must be specified, found 0.
Files to process must be specified, found 0.
Files to process must be specified, found 0.
Files to process must be specified, found 0.
Files to process must be specified, found 0.
Files to process must be specified, found 0.
